{
  "RSpec": {
    "coverage": {
      "/Users/michaelscherer/turing/1module/headcount/lib/data_scrub.rb": [
        1,
        1,
        null,
        1,
        0,
        null,
        null,
        1,
        0,
        null,
        null,
        1,
        0,
        null,
        null,
        null
      ],
      "/Users/michaelscherer/turing/1module/headcount/test/district_repo_test.rb": [
        1,
        1,
        null,
        0,
        null,
        0,
        0,
        0,
        null,
        0,
        null,
        null,
        0,
        0,
        0,
        null,
        0,
        null,
        null,
        null
      ],
      "/Users/michaelscherer/turing/1module/headcount/lib/district_repo.rb": [
        null,
        null,
        null,
        null,
        null,
        null,
        null,
        null,
        null,
        null,
        null,
        null,
        null,
        null,
        null,
        null,
        null,
        null,
        null,
        null,
        null,
        null,
        null,
        null
      ]
    },
    "timestamp": 1473799947
  },
  "Unit Tests": {
    "coverage": {
      "/Users/michaelscherer/turing/1module/headcount/lib/enrollment_repo.rb": [
        1,
        1,
        1,
        1,
        null,
        1,
        null,
        1,
        null,
        1,
        3,
        null,
        null,
        1,
        3,
        3,
        66,
        66,
        6,
        null,
        60,
        null,
        null,
        null,
        null,
        1,
        66,
        null,
        null,
        1,
        null,
        null,
        null,
        6,
        null,
        null,
        1,
        6,
        null,
        null,
        1,
        68,
        68,
        95,
        null,
        68,
        null,
        null,
        null,
        null,
        null
      ],
      "/Users/michaelscherer/turing/1module/headcount/lib/load.rb": [
        1,
        1,
        1,
        null,
        1,
        3,
        3,
        null,
        null,
        null
      ],
      "/Users/michaelscherer/turing/1module/headcount/lib/data_scrub.rb": [
        1,
        1,
        null,
        1,
        74,
        null,
        null,
        1,
        184,
        null,
        null,
        1,
        0,
        null,
        null,
        null
      ],
      "/Users/michaelscherer/turing/1module/headcount/lib/enrollment.rb": [
        1,
        1,
        null,
        1,
        6,
        6,
        null,
        null,
        1,
        0,
        null,
        null,
        1,
        0,
        null,
        null,
        1,
        60,
        null,
        null,
        null
      ]
    },
    "timestamp": 1473814486
  }
}
