{
  "RSpec": {
    "coverage": {
      "/Users/robertsmith/Turing/1module/headcount/lib/data_scrub.rb": [
        1,
        1,
        null,
        1,
        626972,
        null,
        null,
        1,
        2,
        null,
        null,
        1,
        377154,
        377154,
        377154,
        32796,
        344358,
        98388,
        null,
        245970,
        null,
        null,
        null,
        null
      ],
      "/Users/robertsmith/Turing/1module/headcount/test/district_repository_test.rb": [
        1,
        1,
        1,
        null,
        1,
        null,
        1,
        8,
        8,
        null,
        null,
        null,
        null,
        null,
        null,
        null,
        null,
        null,
        null,
        null,
        null,
        null,
        null,
        null,
        null,
        null,
        null,
        null,
        null,
        1,
        1,
        null,
        null,
        1,
        1,
        null,
        1,
        1,
        null,
        null,
        1,
        1,
        1,
        null,
        null,
        1,
        1,
        null,
        null,
        1,
        1,
        null,
        null,
        1,
        1,
        1,
        null,
        null,
        1,
        0,
        null,
        null,
        1,
        0,
        null,
        null,
        1,
        1,
        null,
        null,
        1,
        1,
        null,
        null,
        null
      ],
      "/Users/robertsmith/Turing/1module/headcount/lib/district_repository.rb": [
        1,
        1,
        1,
        1,
        1,
        1,
        1,
        null,
        null,
        1,
        1,
        null,
        1,
        null,
        1,
        17,
        17,
        17,
        17,
        null,
        null,
        1,
        17,
        17,
        16126,
        null,
        17,
        17,
        17,
        null,
        null,
        1,
        17,
        17,
        null,
        null,
        1,
        17,
        17,
        null,
        null,
        1,
        17,
        17,
        null,
        null,
        1,
        1466,
        null,
        null,
        1,
        16882,
        16882,
        1482719,
        null,
        16882,
        null,
        null,
        1,
        2,
        2,
        2,
        4,
        null,
        2,
        null,
        null,
        1,
        17,
        1466,
        null,
        null,
        null,
        1,
        17,
        1466,
        null,
        null,
        null,
        1,
        17,
        1466,
        null,
        null,
        null,
        null
      ],
      "/Users/robertsmith/Turing/1module/headcount/lib/load.rb": [
        1,
        1,
        1,
        null,
        1,
        262,
        262,
        null,
        null,
        null
      ],
      "/Users/robertsmith/Turing/1module/headcount/lib/district.rb": [
        1,
        1,
        1,
        1,
        null,
        null,
        1,
        1,
        null,
        1,
        1,
        null,
        1,
        1466,
        null,
        null,
        null
      ],
      "/Users/robertsmith/Turing/1module/headcount/lib/enrollment_repository.rb": [
        1,
        1,
        1,
        1,
        null,
        1,
        1,
        1,
        null,
        1,
        24,
        null,
        null,
        1,
        48,
        null,
        null,
        1,
        24,
        48,
        48,
        null,
        null,
        null,
        1,
        48,
        null,
        null,
        1,
        48,
        23680,
        23680,
        null,
        null,
        null,
        1,
        23680,
        1480,
        null,
        22200,
        null,
        null,
        null,
        1,
        1480,
        null,
        null,
        1,
        23680,
        null,
        null,
        1,
        null,
        null,
        null,
        1480,
        null,
        null,
        null,
        1,
        25152,
        25152,
        2239379,
        null,
        25152,
        null,
        null,
        null
      ],
      "/Users/robertsmith/Turing/1module/headcount/lib/enrollment.rb": [
        1,
        null,
        1,
        1,
        1,
        null,
        1,
        1484,
        1484,
        null,
        null,
        1,
        379,
        null,
        null,
        1,
        3,
        null,
        null,
        1,
        22201,
        1480,
        null,
        20721,
        null,
        null,
        null,
        1,
        1,
        null,
        null,
        1,
        null,
        1865,
        373,
        null,
        null,
        null
      ],
      "/Users/robertsmith/Turing/1module/headcount/lib/truncate.rb": [
        1,
        null,
        1,
        null,
        1,
        2501,
        null,
        null,
        null
      ],
      "/Users/robertsmith/Turing/1module/headcount/lib/statewide_test.rb": [
        1,
        1,
        1,
        null,
        1,
        1,
        null,
        1,
        null,
        1,
        2733,
        null,
        null,
        1,
        374421,
        10932,
        363489,
        306096,
        null,
        57393,
        null,
        null,
        null,
        1,
        3,
        3,
        2,
        2,
        14,
        14,
        null,
        null,
        null,
        1,
        5,
        2,
        null,
        null,
        1,
        14,
        14,
        42,
        42,
        null,
        14,
        null,
        null,
        1,
        42,
        null,
        null,
        1,
        2,
        2,
        2,
        2,
        8,
        null,
        2,
        null,
        null,
        1,
        8,
        8,
        24,
        24,
        null,
        8,
        null,
        null,
        1,
        24,
        null,
        null,
        1,
        2,
        6,
        null,
        2,
        null,
        null,
        1,
        2,
        1,
        1,
        null,
        null,
        1,
        3,
        1,
        null,
        null,
        1,
        2,
        2,
        null,
        null,
        null
      ],
      "/Users/robertsmith/Turing/1module/headcount/lib/statewide_test_repository.rb": [
        1,
        1,
        1,
        null,
        null,
        1,
        1,
        1,
        null,
        1,
        24,
        null,
        null,
        1,
        24,
        120,
        120,
        null,
        null,
        null,
        1,
        120,
        null,
        null,
        1,
        120,
        377154,
        377154,
        null,
        null,
        null,
        1,
        377154,
        2733,
        null,
        374421,
        null,
        null,
        null,
        1,
        2733,
        null,
        null,
        1,
        null,
        null,
        null,
        2733,
        null,
        null,
        1,
        null,
        null,
        null,
        null,
        null,
        377154,
        null,
        null,
        1,
        377154,
        262368,
        null,
        null,
        1,
        378627,
        378627,
        34227845,
        null,
        378627,
        null,
        null,
        null
      ],
      "/Users/robertsmith/Turing/1module/headcount/lib/errors.rb": [
        1,
        1,
        null,
        1,
        13,
        13,
        null,
        null,
        1,
        3,
        null,
        null,
        1,
        2,
        2,
        null,
        null,
        1,
        3,
        2,
        2,
        null,
        null,
        1,
        4,
        2,
        null,
        null,
        null,
        1,
        6,
        4,
        null,
        null,
        null,
        1,
        3,
        2,
        null,
        null,
        null,
        1,
        2,
        1,
        null,
        null,
        null
      ],
      "/Users/robertsmith/Turing/1module/headcount/lib/economic_profile.rb": [
        1,
        1,
        1,
        1,
        null,
        1,
        null,
        1,
        null,
        1,
        3439,
        null,
        null,
        1,
        192261,
        10298,
        181963,
        51585,
        null,
        130378,
        null,
        null,
        null,
        1,
        1,
        null,
        null,
        1,
        4,
        2,
        10,
        null,
        2,
        null,
        null,
        1,
        1,
        5,
        null,
        1,
        null,
        null,
        1,
        3,
        1,
        null,
        null,
        1,
        4,
        1,
        null,
        null,
        1,
        2,
        1,
        null,
        null,
        1,
        2,
        1,
        null,
        null,
        null
      ],
      "/Users/robertsmith/Turing/1module/headcount/lib/economic_profile_repository.rb": [
        1,
        1,
        1,
        1,
        1,
        null,
        1,
        1,
        1,
        null,
        null,
        1,
        28,
        null,
        null,
        1,
        19,
        76,
        76,
        null,
        null,
        null,
        1,
        76,
        null,
        null,
        1,
        76,
        422560,
        195700,
        195700,
        null,
        null,
        null,
        1,
        422560,
        20520,
        402040,
        206340,
        null,
        195700,
        null,
        null,
        null,
        1,
        195700,
        3439,
        null,
        192261,
        null,
        null,
        null,
        1,
        3439,
        null,
        null,
        1,
        null,
        null,
        null,
        3439,
        null,
        null,
        1,
        null,
        null,
        195700,
        null,
        null,
        1,
        195700,
        103170,
        null,
        92530,
        null,
        null,
        null,
        1,
        103170,
        51585,
        null,
        null,
        1,
        92530,
        75335,
        17195,
        null,
        null,
        1,
        126920,
        null,
        null,
        1,
        68780,
        null,
        null,
        1,
        195700,
        178505,
        null,
        null,
        1,
        51585,
        null,
        null,
        1,
        103170,
        51585,
        51585,
        51585,
        null,
        null,
        null,
        1,
        197187,
        197187,
        17834963,
        null,
        197187,
        null,
        null,
        null
      ],
      "/Users/robertsmith/Turing/1module/headcount/test/district_test.rb": [
        1,
        1,
        1,
        null,
        1,
        null,
        1,
        1,
        1,
        null,
        null,
        null,
        null,
        null,
        null,
        null,
        null,
        null,
        null,
        null,
        null,
        null,
        null,
        1,
        1,
        null,
        null,
        null
      ],
      "/Users/robertsmith/Turing/1module/headcount/test/economic_profile_repository_test.rb": [
        1,
        1,
        null,
        1,
        1,
        3,
        3,
        null,
        null,
        null,
        null,
        null,
        null,
        null,
        null,
        null,
        1,
        1,
        null,
        null,
        1,
        1,
        null,
        1,
        null,
        null,
        1,
        1,
        5,
        null,
        null,
        null
      ],
      "/Users/robertsmith/Turing/1module/headcount/test/economic_profile_test.rb": [
        1,
        1,
        1,
        1,
        null,
        1,
        null,
        1,
        8,
        8,
        null,
        null,
        null,
        null,
        null,
        null,
        null,
        null,
        null,
        1,
        1,
        null,
        null,
        1,
        1,
        1,
        1,
        null,
        null,
        1,
        1,
        null,
        1,
        null,
        null,
        1,
        1,
        null,
        1,
        null,
        null,
        1,
        1,
        null,
        1,
        null,
        null,
        1,
        1,
        null,
        1,
        null,
        null,
        1,
        1,
        null,
        1,
        null,
        null,
        1,
        1,
        1,
        1,
        null,
        1,
        null,
        1,
        1,
        1,
        null,
        1,
        null,
        1,
        1,
        1,
        null,
        1,
        null,
        1,
        1,
        1,
        null,
        1,
        null,
        1,
        1,
        1,
        null,
        1,
        null,
        1,
        1,
        1,
        null,
        1,
        null,
        1,
        1,
        1,
        null,
        1,
        null,
        1,
        1,
        1,
        null,
        1,
        null,
        1,
        1,
        1,
        null,
        1,
        null,
        null,
        null
      ],
      "/Users/robertsmith/Turing/1module/headcount/test/enrollment_repository_test.rb": [
        1,
        1,
        null,
        1,
        null,
        1,
        7,
        7,
        null,
        null,
        null,
        null,
        null,
        null,
        null,
        1,
        1,
        null,
        null,
        1,
        1,
        1,
        1,
        null,
        null,
        1,
        1,
        1,
        1,
        null,
        null,
        null,
        1,
        1,
        1,
        1,
        null,
        null,
        1,
        1,
        1,
        null,
        null,
        1,
        1,
        1,
        null,
        null,
        null,
        null,
        null,
        null,
        1,
        null,
        null,
        1,
        1,
        null,
        1,
        null,
        null
      ],
      "/Users/robertsmith/Turing/1module/headcount/test/enrollment_test.rb": [
        1,
        1,
        null,
        1,
        1,
        4,
        null,
        null,
        1,
        1,
        1,
        1,
        null,
        null,
        1,
        1,
        null,
        1,
        null,
        null,
        1,
        1,
        null,
        null,
        1,
        1,
        null,
        1,
        1,
        1,
        1,
        null,
        null,
        null
      ],
      "/Users/robertsmith/Turing/1module/headcount/test/errors_test.rb": [

      ],
      "/Users/robertsmith/Turing/1module/headcount/test/headcount_analyst_test.rb": [
        1,
        1,
        1,
        1,
        null,
        1,
        null,
        1,
        8,
        8,
        null,
        null,
        null,
        null,
        null,
        null,
        null,
        null,
        null,
        null,
        null,
        null,
        8,
        null,
        null,
        1,
        1,
        null,
        null,
        1,
        1,
        null,
        null,
        1,
        1,
        null,
        null,
        1,
        1,
        1,
        null,
        null,
        1,
        1,
        null,
        null,
        1,
        1,
        null,
        null,
        1,
        1,
        null,
        null,
        1,
        1,
        1,
        null,
        null,
        null
      ],
      "/Users/robertsmith/Turing/1module/headcount/lib/headcount_analyst.rb": [
        1,
        1,
        null,
        1,
        1,
        null,
        1,
        8,
        null,
        null,
        1,
        188,
        null,
        null,
        1,
        186,
        null,
        null,
        1,
        374,
        374,
        374,
        374,
        374,
        null,
        null,
        1,
        1,
        1,
        1,
        1,
        11,
        11,
        null,
        1,
        null,
        null,
        1,
        375,
        null,
        null,
        1,
        375,
        null,
        null,
        1,
        186,
        186,
        186,
        null,
        null,
        1,
        3,
        3,
        1,
        null,
        2,
        null,
        3,
        null,
        null,
        1,
        2,
        4,
        null,
        null,
        null,
        1,
        3,
        185,
        null,
        3,
        null,
        null,
        1,
        3,
        null,
        null,
        1,
        3,
        3,
        null,
        null,
        null
      ],
      "/Users/robertsmith/Turing/1module/headcount/test/load_test.rb": [
        1,
        1,
        null,
        1,
        null,
        null,
        1,
        1,
        null,
        null,
        null
      ],
      "/Users/robertsmith/Turing/1module/headcount/test/statewide_test_repository_test.rb": [
        1,
        1,
        1,
        1,
        1,
        1,
        null,
        1,
        1,
        2,
        2,
        null,
        null,
        null,
        null,
        null,
        null,
        null,
        null,
        null,
        null,
        1,
        1,
        null,
        null,
        1,
        null,
        1,
        1,
        null,
        null,
        null,
        null
      ],
      "/Users/robertsmith/Turing/1module/headcount/test/statewide_test_test.rb": [
        1,
        1,
        1,
        1,
        null,
        1,
        1,
        5,
        5,
        null,
        null,
        null,
        null,
        null,
        null,
        null,
        null,
        null,
        null,
        1,
        1,
        null,
        null,
        null,
        null,
        null,
        null,
        null,
        1,
        1,
        null,
        null,
        1,
        1,
        1,
        1,
        null,
        1,
        null,
        1,
        1,
        null,
        1,
        null,
        1,
        1,
        null,
        1,
        null,
        1,
        1,
        null,
        1,
        null,
        null,
        1,
        1,
        1,
        null,
        null,
        null,
        null,
        1,
        null,
        null,
        1,
        1,
        1,
        null,
        null,
        1,
        1,
        1,
        null,
        null,
        null
      ],
      "/Users/robertsmith/Turing/1module/headcount/test/test_helper.rb": [
        1,
        1,
        1,
        1,
        1,
        null
      ]
    },
    "timestamp": 1474337762
  },
  "Unit Tests": {
    "coverage": {
    },
    "timestamp": 1474337657
  }
}
